<?xml version="1.0" encoding="UTF-8"?>
<testsuite xmlns:xsi="http://www.w3.org/2001/XMLSchema-instance" xsi:noNamespaceSchemaLocation="https://maven.apache.org/surefire/maven-surefire-plugin/xsd/surefire-test-report-3.0.xsd" version="3.0" name="com.exos.camunda.CamundaSpringBootApp.ProcessUnitTest" time="2.741" tests="1" errors="0" skipped="0" failures="0">
  <properties>
    <property name="java.specification.version" value="19"/>
    <property name="sun.jnu.encoding" value="UTF-8"/>
    <property name="java.class.path" value="/home/sonet/eclipse-workspace/CamundaSpringBootApp/target/test-classes:/home/sonet/eclipse-workspace/CamundaSpringBootApp/target/classes:/home/sonet/.m2/repository/org/camunda/bpm/camunda-engine/7.19.0/camunda-engine-7.19.0.jar:/home/sonet/.m2/repository/org/camunda/bpm/model/camunda-bpmn-model/7.19.0/camunda-bpmn-model-7.19.0.jar:/home/sonet/.m2/repository/org/camunda/bpm/model/camunda-xml-model/7.19.0/camunda-xml-model-7.19.0.jar:/home/sonet/.m2/repository/org/camunda/bpm/model/camunda-cmmn-model/7.19.0/camunda-cmmn-model-7.19.0.jar:/home/sonet/.m2/repository/org/camunda/bpm/dmn/camunda-engine-dmn/7.19.0/camunda-engine-dmn-7.19.0.jar:/home/sonet/.m2/repository/org/camunda/bpm/model/camunda-dmn-model/7.19.0/camunda-dmn-model-7.19.0.jar:/home/sonet/.m2/repository/org/camunda/bpm/dmn/camunda-engine-feel-api/7.19.0/camunda-engine-feel-api-7.19.0.jar:/home/sonet/.m2/repository/org/camunda/bpm/dmn/camunda-engine-feel-juel/7.19.0/camunda-engine-feel-juel-7.19.0.jar:/home/sonet/.m2/repository/org/camunda/bpm/dmn/camunda-engine-feel-scala/7.19.0/camunda-engine-feel-scala-7.19.0.jar:/home/sonet/.m2/repository/org/camunda/feel/feel-engine/1.15.3/feel-engine-1.15.3-scala-shaded.jar:/home/sonet/.m2/repository/org/camunda/commons/camunda-commons-logging/1.12.0/camunda-commons-logging-1.12.0.jar:/home/sonet/.m2/repository/org/camunda/commons/camunda-commons-typed-values/7.19.0/camunda-commons-typed-values-7.19.0.jar:/home/sonet/.m2/repository/org/mybatis/mybatis/3.5.6/mybatis-3.5.6.jar:/home/sonet/.m2/repository/org/springframework/spring-beans/5.3.22/spring-beans-5.3.22.jar:/home/sonet/.m2/repository/org/springframework/spring-core/5.3.22/spring-core-5.3.22.jar:/home/sonet/.m2/repository/org/springframework/spring-jcl/5.3.22/spring-jcl-5.3.22.jar:/home/sonet/.m2/repository/joda-time/joda-time/2.1/joda-time-2.1.jar:/home/sonet/.m2/repository/org/camunda/connect/camunda-connect-core/1.5.6/camunda-connect-core-1.5.6.jar:/home/sonet/.m2/repository/org/camunda/connect/camunda-connect-connectors-all/1.5.6/camunda-connect-connectors-all-1.5.6.jar:/home/sonet/.m2/repository/org/camunda/bpm/camunda-bpm-assert/7.19.0/camunda-bpm-assert-7.19.0.jar:/home/sonet/.m2/repository/org/assertj/assertj-core/3.22.0/assertj-core-3.22.0.jar:/home/sonet/.m2/repository/org/camunda/spin/camunda-spin-dataformat-all/1.19.0/camunda-spin-dataformat-all-1.19.0.jar:/home/sonet/.m2/repository/org/camunda/spin/camunda-spin-core/1.19.0/camunda-spin-core-1.19.0.jar:/home/sonet/.m2/repository/org/slf4j/slf4j-api/1.7.26/slf4j-api-1.7.26.jar:/home/sonet/.m2/repository/org/camunda/commons/camunda-commons-utils/1.12.0/camunda-commons-utils-1.12.0.jar:/home/sonet/.m2/repository/org/camunda/bpm/camunda-engine-plugin-spin/7.19.0/camunda-engine-plugin-spin-7.19.0.jar:/home/sonet/.m2/repository/org/camunda/template-engines/camunda-template-engines-freemarker/2.1.0/camunda-template-engines-freemarker-2.1.0.jar:/home/sonet/.m2/repository/org/freemarker/freemarker/2.3.31/freemarker-2.3.31.jar:/home/sonet/.m2/repository/org/camunda/template-engines/camunda-template-engines-velocity/2.1.0/camunda-template-engines-velocity-2.1.0.jar:/home/sonet/.m2/repository/org/apache/velocity/velocity-engine-core/2.3/velocity-engine-core-2.3.jar:/home/sonet/.m2/repository/org/apache/commons/commons-lang3/3.11/commons-lang3-3.11.jar:/home/sonet/.m2/repository/javax/servlet/javax.servlet-api/3.1.0/javax.servlet-api-3.1.0.jar:/home/sonet/.m2/repository/org/camunda/bpm/camunda-bpm-junit5/7.19.0/camunda-bpm-junit5-7.19.0.jar:/home/sonet/.m2/repository/com/h2database/h2/2.1.214/h2-2.1.214.jar:/home/sonet/.m2/repository/org/camunda/community/process_test_coverage/camunda-process-test-coverage-junit5-platform-7/2.0.0/camunda-process-test-coverage-junit5-platform-7-2.0.0.jar:/home/sonet/.m2/repository/org/camunda/community/process_test_coverage/camunda-process-test-coverage-engine-platform-7/2.0.0/camunda-process-test-coverage-engine-platform-7-2.0.0.jar:/home/sonet/.m2/repository/org/camunda/community/process_test_coverage/camunda-process-test-coverage-core/2.0.0/camunda-process-test-coverage-core-2.0.0.jar:/home/sonet/.m2/repository/com/google/code/gson/gson/2.8.9/gson-2.8.9.jar:/home/sonet/.m2/repository/org/camunda/community/process_test_coverage/camunda-process-test-coverage-report-generator/2.0.0/camunda-process-test-coverage-report-generator-2.0.0.jar:/home/sonet/.m2/repository/io/github/microutils/kotlin-logging-jvm/2.1.23/kotlin-logging-jvm-2.1.23.jar:/home/sonet/.m2/repository/org/jetbrains/kotlin/kotlin-stdlib-common/1.6.0/kotlin-stdlib-common-1.6.0.jar:/home/sonet/.m2/repository/org/jetbrains/kotlin/kotlin-stdlib-jdk8/1.6.0/kotlin-stdlib-jdk8-1.6.0.jar:/home/sonet/.m2/repository/org/jetbrains/kotlin/kotlin-stdlib/1.6.0/kotlin-stdlib-1.6.0.jar:/home/sonet/.m2/repository/org/jetbrains/annotations/13.0/annotations-13.0.jar:/home/sonet/.m2/repository/org/jetbrains/kotlin/kotlin-stdlib-jdk7/1.6.0/kotlin-stdlib-jdk7-1.6.0.jar:/home/sonet/.m2/repository/org/junit/jupiter/junit-jupiter/5.8.2/junit-jupiter-5.8.2.jar:/home/sonet/.m2/repository/org/junit/jupiter/junit-jupiter-api/5.8.2/junit-jupiter-api-5.8.2.jar:/home/sonet/.m2/repository/org/opentest4j/opentest4j/1.2.0/opentest4j-1.2.0.jar:/home/sonet/.m2/repository/org/junit/platform/junit-platform-commons/1.8.2/junit-platform-commons-1.8.2.jar:/home/sonet/.m2/repository/org/apiguardian/apiguardian-api/1.1.2/apiguardian-api-1.1.2.jar:/home/sonet/.m2/repository/org/junit/jupiter/junit-jupiter-params/5.8.2/junit-jupiter-params-5.8.2.jar:/home/sonet/.m2/repository/org/junit/jupiter/junit-jupiter-engine/5.8.2/junit-jupiter-engine-5.8.2.jar:/home/sonet/.m2/repository/org/junit/platform/junit-platform-engine/1.8.2/junit-platform-engine-1.8.2.jar:/home/sonet/.m2/repository/org/camunda/bpm/extension/camunda-bpm-junit5/1.1.0/camunda-bpm-junit5-1.1.0.jar:/home/sonet/.m2/repository/org/camunda/community/process_test_coverage/camunda-process-test-coverage-spring-test-platform-7/2.0.0/camunda-process-test-coverage-spring-test-platform-7-2.0.0.jar:/home/sonet/.m2/repository/ch/qos/logback/logback-classic/1.2.12/logback-classic-1.2.12.jar:/home/sonet/.m2/repository/ch/qos/logback/logback-core/1.2.12/logback-core-1.2.12.jar:/home/sonet/.m2/repository/org/slf4j/jcl-over-slf4j/1.7.36/jcl-over-slf4j-1.7.36.jar:/home/sonet/.m2/repository/org/slf4j/jul-to-slf4j/1.7.36/jul-to-slf4j-1.7.36.jar:"/>
    <property name="java.vm.vendor" value="Private Build"/>
    <property name="sun.arch.data.model" value="64"/>
    <property name="java.vendor.url" value="Unknown"/>
    <property name="user.timezone" value="Asia/Dhaka"/>
    <property name="os.name" value="Linux"/>
    <property name="java.vm.specification.version" value="19"/>
    <property name="sun.java.launcher" value="SUN_STANDARD"/>
    <property name="user.country" value="GB"/>
    <property name="sun.boot.library.path" value="/usr/lib/jvm/java-19-openjdk-amd64/lib"/>
    <property name="sun.java.command" value="/home/sonet/eclipse-workspace/CamundaSpringBootApp/target/surefire/surefirebooter-20230809162333063_3.jar /home/sonet/eclipse-workspace/CamundaSpringBootApp/target/surefire 2023-08-09T16-23-32_872-jvmRun1 surefire-20230809162333063_1tmp surefire_0-20230809162333063_2tmp"/>
    <property name="jdk.debug" value="release"/>
    <property name="surefire.test.class.path" value="/home/sonet/eclipse-workspace/CamundaSpringBootApp/target/test-classes:/home/sonet/eclipse-workspace/CamundaSpringBootApp/target/classes:/home/sonet/.m2/repository/org/camunda/bpm/camunda-engine/7.19.0/camunda-engine-7.19.0.jar:/home/sonet/.m2/repository/org/camunda/bpm/model/camunda-bpmn-model/7.19.0/camunda-bpmn-model-7.19.0.jar:/home/sonet/.m2/repository/org/camunda/bpm/model/camunda-xml-model/7.19.0/camunda-xml-model-7.19.0.jar:/home/sonet/.m2/repository/org/camunda/bpm/model/camunda-cmmn-model/7.19.0/camunda-cmmn-model-7.19.0.jar:/home/sonet/.m2/repository/org/camunda/bpm/dmn/camunda-engine-dmn/7.19.0/camunda-engine-dmn-7.19.0.jar:/home/sonet/.m2/repository/org/camunda/bpm/model/camunda-dmn-model/7.19.0/camunda-dmn-model-7.19.0.jar:/home/sonet/.m2/repository/org/camunda/bpm/dmn/camunda-engine-feel-api/7.19.0/camunda-engine-feel-api-7.19.0.jar:/home/sonet/.m2/repository/org/camunda/bpm/dmn/camunda-engine-feel-juel/7.19.0/camunda-engine-feel-juel-7.19.0.jar:/home/sonet/.m2/repository/org/camunda/bpm/dmn/camunda-engine-feel-scala/7.19.0/camunda-engine-feel-scala-7.19.0.jar:/home/sonet/.m2/repository/org/camunda/feel/feel-engine/1.15.3/feel-engine-1.15.3-scala-shaded.jar:/home/sonet/.m2/repository/org/camunda/commons/camunda-commons-logging/1.12.0/camunda-commons-logging-1.12.0.jar:/home/sonet/.m2/repository/org/camunda/commons/camunda-commons-typed-values/7.19.0/camunda-commons-typed-values-7.19.0.jar:/home/sonet/.m2/repository/org/mybatis/mybatis/3.5.6/mybatis-3.5.6.jar:/home/sonet/.m2/repository/org/springframework/spring-beans/5.3.22/spring-beans-5.3.22.jar:/home/sonet/.m2/repository/org/springframework/spring-core/5.3.22/spring-core-5.3.22.jar:/home/sonet/.m2/repository/org/springframework/spring-jcl/5.3.22/spring-jcl-5.3.22.jar:/home/sonet/.m2/repository/joda-time/joda-time/2.1/joda-time-2.1.jar:/home/sonet/.m2/repository/org/camunda/connect/camunda-connect-core/1.5.6/camunda-connect-core-1.5.6.jar:/home/sonet/.m2/repository/org/camunda/connect/camunda-connect-connectors-all/1.5.6/camunda-connect-connectors-all-1.5.6.jar:/home/sonet/.m2/repository/org/camunda/bpm/camunda-bpm-assert/7.19.0/camunda-bpm-assert-7.19.0.jar:/home/sonet/.m2/repository/org/assertj/assertj-core/3.22.0/assertj-core-3.22.0.jar:/home/sonet/.m2/repository/org/camunda/spin/camunda-spin-dataformat-all/1.19.0/camunda-spin-dataformat-all-1.19.0.jar:/home/sonet/.m2/repository/org/camunda/spin/camunda-spin-core/1.19.0/camunda-spin-core-1.19.0.jar:/home/sonet/.m2/repository/org/slf4j/slf4j-api/1.7.26/slf4j-api-1.7.26.jar:/home/sonet/.m2/repository/org/camunda/commons/camunda-commons-utils/1.12.0/camunda-commons-utils-1.12.0.jar:/home/sonet/.m2/repository/org/camunda/bpm/camunda-engine-plugin-spin/7.19.0/camunda-engine-plugin-spin-7.19.0.jar:/home/sonet/.m2/repository/org/camunda/template-engines/camunda-template-engines-freemarker/2.1.0/camunda-template-engines-freemarker-2.1.0.jar:/home/sonet/.m2/repository/org/freemarker/freemarker/2.3.31/freemarker-2.3.31.jar:/home/sonet/.m2/repository/org/camunda/template-engines/camunda-template-engines-velocity/2.1.0/camunda-template-engines-velocity-2.1.0.jar:/home/sonet/.m2/repository/org/apache/velocity/velocity-engine-core/2.3/velocity-engine-core-2.3.jar:/home/sonet/.m2/repository/org/apache/commons/commons-lang3/3.11/commons-lang3-3.11.jar:/home/sonet/.m2/repository/javax/servlet/javax.servlet-api/3.1.0/javax.servlet-api-3.1.0.jar:/home/sonet/.m2/repository/org/camunda/bpm/camunda-bpm-junit5/7.19.0/camunda-bpm-junit5-7.19.0.jar:/home/sonet/.m2/repository/com/h2database/h2/2.1.214/h2-2.1.214.jar:/home/sonet/.m2/repository/org/camunda/community/process_test_coverage/camunda-process-test-coverage-junit5-platform-7/2.0.0/camunda-process-test-coverage-junit5-platform-7-2.0.0.jar:/home/sonet/.m2/repository/org/camunda/community/process_test_coverage/camunda-process-test-coverage-engine-platform-7/2.0.0/camunda-process-test-coverage-engine-platform-7-2.0.0.jar:/home/sonet/.m2/repository/org/camunda/community/process_test_coverage/camunda-process-test-coverage-core/2.0.0/camunda-process-test-coverage-core-2.0.0.jar:/home/sonet/.m2/repository/com/google/code/gson/gson/2.8.9/gson-2.8.9.jar:/home/sonet/.m2/repository/org/camunda/community/process_test_coverage/camunda-process-test-coverage-report-generator/2.0.0/camunda-process-test-coverage-report-generator-2.0.0.jar:/home/sonet/.m2/repository/io/github/microutils/kotlin-logging-jvm/2.1.23/kotlin-logging-jvm-2.1.23.jar:/home/sonet/.m2/repository/org/jetbrains/kotlin/kotlin-stdlib-common/1.6.0/kotlin-stdlib-common-1.6.0.jar:/home/sonet/.m2/repository/org/jetbrains/kotlin/kotlin-stdlib-jdk8/1.6.0/kotlin-stdlib-jdk8-1.6.0.jar:/home/sonet/.m2/repository/org/jetbrains/kotlin/kotlin-stdlib/1.6.0/kotlin-stdlib-1.6.0.jar:/home/sonet/.m2/repository/org/jetbrains/annotations/13.0/annotations-13.0.jar:/home/sonet/.m2/repository/org/jetbrains/kotlin/kotlin-stdlib-jdk7/1.6.0/kotlin-stdlib-jdk7-1.6.0.jar:/home/sonet/.m2/repository/org/junit/jupiter/junit-jupiter/5.8.2/junit-jupiter-5.8.2.jar:/home/sonet/.m2/repository/org/junit/jupiter/junit-jupiter-api/5.8.2/junit-jupiter-api-5.8.2.jar:/home/sonet/.m2/repository/org/opentest4j/opentest4j/1.2.0/opentest4j-1.2.0.jar:/home/sonet/.m2/repository/org/junit/platform/junit-platform-commons/1.8.2/junit-platform-commons-1.8.2.jar:/home/sonet/.m2/repository/org/apiguardian/apiguardian-api/1.1.2/apiguardian-api-1.1.2.jar:/home/sonet/.m2/repository/org/junit/jupiter/junit-jupiter-params/5.8.2/junit-jupiter-params-5.8.2.jar:/home/sonet/.m2/repository/org/junit/jupiter/junit-jupiter-engine/5.8.2/junit-jupiter-engine-5.8.2.jar:/home/sonet/.m2/repository/org/junit/platform/junit-platform-engine/1.8.2/junit-platform-engine-1.8.2.jar:/home/sonet/.m2/repository/org/camunda/bpm/extension/camunda-bpm-junit5/1.1.0/camunda-bpm-junit5-1.1.0.jar:/home/sonet/.m2/repository/org/camunda/community/process_test_coverage/camunda-process-test-coverage-spring-test-platform-7/2.0.0/camunda-process-test-coverage-spring-test-platform-7-2.0.0.jar:/home/sonet/.m2/repository/ch/qos/logback/logback-classic/1.2.12/logback-classic-1.2.12.jar:/home/sonet/.m2/repository/ch/qos/logback/logback-core/1.2.12/logback-core-1.2.12.jar:/home/sonet/.m2/repository/org/slf4j/jcl-over-slf4j/1.7.36/jcl-over-slf4j-1.7.36.jar:/home/sonet/.m2/repository/org/slf4j/jul-to-slf4j/1.7.36/jul-to-slf4j-1.7.36.jar:"/>
    <property name="sun.cpu.endian" value="little"/>
    <property name="user.home" value="/home/sonet"/>
    <property name="user.language" value="en"/>
    <property name="java.specification.vendor" value="Oracle Corporation"/>
    <property name="java.version.date" value="2023-01-17"/>
    <property name="java.home" value="/usr/lib/jvm/java-19-openjdk-amd64"/>
    <property name="file.separator" value="/"/>
    <property name="basedir" value="/home/sonet/eclipse-workspace/CamundaSpringBootApp"/>
    <property name="java.vm.compressedOopsMode" value="Zero based"/>
    <property name="line.separator" value="&#10;"/>
    <property name="java.specification.name" value="Java Platform API Specification"/>
    <property name="java.vm.specification.vendor" value="Oracle Corporation"/>
    <property name="surefire.real.class.path" value="/home/sonet/eclipse-workspace/CamundaSpringBootApp/target/surefire/surefirebooter-20230809162333063_3.jar"/>
    <property name="sun.management.compiler" value="HotSpot 64-Bit Tiered Compilers"/>
    <property name="java.runtime.version" value="19.0.2+7-Ubuntu-0ubuntu322.04"/>
    <property name="user.name" value="sonet"/>
    <property name="stdout.encoding" value="UTF-8"/>
    <property name="path.separator" value=":"/>
    <property name="os.version" value="5.19.0-50-generic"/>
    <property name="java.runtime.name" value="OpenJDK Runtime Environment"/>
    <property name="file.encoding" value="UTF-8"/>
    <property name="java.vm.name" value="OpenJDK 64-Bit Server VM"/>
    <property name="localRepository" value="/home/sonet/.m2/repository"/>
    <property name="java.vendor.url.bug" value="Unknown"/>
    <property name="java.io.tmpdir" value="/tmp"/>
    <property name="java.version" value="19.0.2"/>
    <property name="user.dir" value="/home/sonet/eclipse-workspace/CamundaSpringBootApp"/>
    <property name="os.arch" value="amd64"/>
    <property name="java.vm.specification.name" value="Java Virtual Machine Specification"/>
    <property name="native.encoding" value="UTF-8"/>
    <property name="java.library.path" value="/usr/java/packages/lib:/usr/lib/x86_64-linux-gnu/jni:/lib/x86_64-linux-gnu:/usr/lib/x86_64-linux-gnu:/usr/lib/jni:/lib:/usr/lib"/>
    <property name="java.vm.info" value="mixed mode, sharing"/>
    <property name="stderr.encoding" value="UTF-8"/>
    <property name="java.vendor" value="Private Build"/>
    <property name="java.vm.version" value="19.0.2+7-Ubuntu-0ubuntu322.04"/>
    <property name="sun.io.unicode.encoding" value="UnicodeLittle"/>
    <property name="java.class.version" value="63.0"/>
  </properties>
  <testcase name="testHappyPath" classname="com.exos.camunda.CamundaSpringBootApp.ProcessUnitTest" time="0.457">
    <system-out><![CDATA[16:23:33.500 [main] DEBUG org.camunda.bpm.engine.test - ==== BUILDING PROCESS ENGINE ========================================================================
16:23:33.712 [main] INFO  org.camunda.bpm.engine.cfg - ENGINE-12003 Plugin 'SpinProcessEnginePlugin' activated on process engine 'default'
16:23:33.716 [main] INFO  org.camunda.spin - SPIN-01010 Discovered Spin data format provider: org.camunda.spin.impl.json.jackson.format.JacksonJsonDataFormatProvider[name = application/json]
16:23:33.819 [main] INFO  org.camunda.spin - SPIN-01010 Discovered Spin data format provider: org.camunda.spin.impl.xml.dom.format.DomXmlDataFormatProvider[name = application/xml]
16:23:33.877 [main] INFO  org.camunda.spin - SPIN-01009 Discovered Spin data format: org.camunda.spin.impl.xml.dom.format.DomXmlDataFormat[name = application/xml]
16:23:33.877 [main] INFO  org.camunda.spin - SPIN-01009 Discovered Spin data format: org.camunda.spin.impl.json.jackson.format.JacksonJsonDataFormat[name = application/json]
16:23:33.931 [main] INFO  org.camunda.bpm.dmn.feel.scala - FEEL/SCALA-01001 Spin value mapper detected
16:23:33.985 [main] INFO  org.camunda.feel.FeelEngine - Engine created. [value-mapper: CompositeValueMapper(List(org.camunda.feel.impl.JavaValueMapper@191a709b, org.camunda.spin.plugin.impl.feel.integration.SpinValueMapper@77c7ed8e)), function-provider: org.camunda.bpm.dmn.feel.impl.scala.function.CustomFunctionTransformer@57a48985, clock: SystemClock, configuration: Configuration(false)]
16:23:35.503 [main] INFO  org.camunda.bpm.connect - CNCT-01004 Discovered provider for connector id 'http-connector' and class 'org.camunda.connect.httpclient.impl.HttpConnectorImpl': 'org.camunda.connect.httpclient.impl.HttpConnectorProviderImpl'
16:23:35.504 [main] INFO  org.camunda.bpm.connect - CNCT-01004 Discovered provider for connector id 'soap-http-connector' and class 'org.camunda.connect.httpclient.soap.impl.SoapHttpConnectorImpl': 'org.camunda.connect.httpclient.soap.impl.SoapHttpConnectorProviderImpl'
16:23:35.643 [main] INFO  org.camunda.bpm.engine.persistence - ENGINE-03016 Performing database operation 'create' on component 'engine' with resource 'org/camunda/bpm/engine/db/create/activiti.h2.create.engine.sql'
16:23:35.677 [main] INFO  org.camunda.bpm.engine.persistence - ENGINE-03016 Performing database operation 'create' on component 'history' with resource 'org/camunda/bpm/engine/db/create/activiti.h2.create.history.sql'
16:23:35.686 [main] INFO  org.camunda.bpm.engine.persistence - ENGINE-03016 Performing database operation 'create' on component 'identity' with resource 'org/camunda/bpm/engine/db/create/activiti.h2.create.identity.sql'
16:23:35.696 [main] INFO  org.camunda.bpm.engine.persistence - ENGINE-03016 Performing database operation 'create' on component 'case.engine' with resource 'org/camunda/bpm/engine/db/create/activiti.h2.create.case.engine.sql'
16:23:35.700 [main] INFO  org.camunda.bpm.engine.persistence - ENGINE-03016 Performing database operation 'create' on component 'case.history' with resource 'org/camunda/bpm/engine/db/create/activiti.h2.create.case.history.sql'
16:23:35.703 [main] INFO  org.camunda.bpm.engine.persistence - ENGINE-03016 Performing database operation 'create' on component 'decision.engine' with resource 'org/camunda/bpm/engine/db/create/activiti.h2.create.decision.engine.sql'
16:23:35.708 [main] INFO  org.camunda.bpm.engine.persistence - ENGINE-03016 Performing database operation 'create' on component 'decision.history' with resource 'org/camunda/bpm/engine/db/create/activiti.h2.create.decision.history.sql'
16:23:35.726 [main] INFO  org.camunda.bpm.engine.persistence - ENGINE-03067 No history level property found in database
16:23:35.726 [main] INFO  org.camunda.bpm.engine.persistence - ENGINE-03065 Creating historyLevel property in database for level: HistoryLevelFull(name=full, id=3)
16:23:35.741 [main] INFO  org.camunda.bpm.engine - ENGINE-00001 Process Engine default created.
16:23:35.742 [main] DEBUG org.camunda.bpm.engine.test - ==== PROCESS ENGINE CREATED =========================================================================
16:23:35.752 [main] INFO  o.c.b.e.j.t.ProcessEngineExtension - annotation @Deployment creates deployment for com.exos.camunda.CamundaSpringBootApp.ProcessUnitTest.testHappyPath
16:23:36.169 [main] INFO  o.c.c.p.j.p.ProcessEngineCoverageExtension - testHappyPath test method coverage is 0.8181818181818182
16:23:36.169 [main] INFO  o.c.b.e.j.t.ProcessEngineExtension - annotation @Deployment deletes deployment for com.exos.camunda.CamundaSpringBootApp.ProcessUnitTest.testHappyPath
]]></system-out>
    <system-err><![CDATA[Aug 09, 2023 4:23:36 PM com.exos.camunda.CamundaSpringBootApp.LoggerDelegate execute
INFO: 

  ... LoggerDelegate invoked by activityName='Print the Complain', activityId=Activity_0awjpx1, processDefinitionId=CamundaSpringBootApp:1:3, processInstanceId=4, businessKey=null, executionId=4, variables={
  name => Value 'Niall' of type 'PrimitiveValueType[string]', isTransient=false
  weatherOk => Value 'false' of type 'PrimitiveValueType[boolean]', isTransient=false
} 


]]></system-err>
  </testcase>
</testsuite>